phone-service out-of-service
signal 14
phone-call idle
battery-change 2 24/100 3873320
batt_temp 32.0
setting_brightness 20
setting_screen_timeout 1800000
time 1403020972325
localtime_offset -10800000
model dream
associate 10084 edu.umich.PowerTutor@15
begin 0
total-power 336
meminfo 1003792 83496 41484 446908
LCD 336
LCD-brightness 20
LCD-screen-on true
LCD-10084 336
CPU-0 0
3G 0
3G-on false
GPS 0
GPS-state-times 1.0 0.0 0.0
GPS-sattelites 0
Audio 0
Audio-on false
associate 10000 android.uid.shared:10000@16
associate 10002 com.motorola.quickview@13
associate 10009 com.motorola.blur.uid.service.blur:10009@16
associate 10011 com.motorola.widget.circlewidget3d:10011@41
associate 10013 com.android.defcontainer@16
associate 10015 android.media:10015@510
associate 10023 com.google.uid.shared:10023@4452034
associate 10025 com.google.android.partnersetup@16
associate 10026 com.motorola.genie@13
associate 10029 com.android.inputmethod.latin@16
associate 10030 com.google.android.inputmethod.latin.dictionarypack@150
associate 10037 com.motorola.acousticwarning.mmcp@1
associate 10039 com.motorola.mmsp.motohomex@44
associate 10041 android.uid.mtkbt:10041@16
associate 10043 com.android.musicfx@10400
associate 10052 com.mediatek.StkSelection@1
associate 10053 com.android.systemui@16
associate 10055 com.google.android.googlequicksearchbox@300304160
associate 10066 com.google.android.apps.docs@1314425
associate 10072 com.android.vending@80260017
associate 10073 com.svox.pico@1
associate 10074 com.google.android.apps.plus@413133798
associate 10075 com.motorola.mmcpsmartaction@5
associate 10076 com.motorola.contextual.smartrules@253
associate 10082 com.qo.android.moto@107
associate 10083 com.motorola.brapps@20006
begin 1
total-power 369
LCD 336
LCD-brightness 20
LCD-screen-on true
LCD-10084 336
CPU 33
CPU-sys 8
CPU-usr 0
CPU-freq 1001.0
CPU-0 29
CPU-1000 36
CPU-1001 0
CPU-1002 0
CPU-1007 0
CPU-1010 0
CPU-1013 0
CPU-1014 0
CPU-1017 0
CPU-1019 0
CPU-1021 0
CPU-1023 0
CPU-1027 0
CPU-2000 21
CPU-9996 0
CPU-10000 0
CPU-10002 0
CPU-10009 0
CPU-10011 0
CPU-10013 0
CPU-10015 0
CPU-10023 0
CPU-10025 0
CPU-10026 0
CPU-10029 0
CPU-10030 0
CPU-10037 0
CPU-10039 0
CPU-10041 0
CPU-10043 0
CPU-10052 0
CPU-10053 94
CPU-10055 0
CPU-10066 0
CPU-10072 0
CPU-10073 0
CPU-10074 0
CPU-10075 0
CPU-10076 0
CPU-10082 0
CPU-10083 0
CPU-10084 29
3G 0
3G-on false
GPS 0
GPS-state-times 1.0 0.0 0.0
GPS-sattelites 0
Audio 0
Audio-on false
begin 2
total-power 349
LCD 336
LCD-brightness 20
LCD-screen-on true
LCD-10084 336
CPU 13
CPU-sys 3
CPU-usr 0
CPU-freq 1001.0
CPU-0 7
CPU-1000 7
CPU-1001 0
CPU-1002 0
CPU-1007 0
CPU-1010 0
CPU-1013 0
CPU-1014 0
CPU-1017 0
CPU-1019 0
CPU-1021 0
CPU-1023 0
CPU-1027 0
CPU-2000 7
CPU-9996 0
CPU-10000 0
CPU-10002 0
CPU-10009 0
CPU-10011 0
CPU-10013 0
CPU-10015 0
CPU-10023 0
CPU-10025 0
CPU-10026 0
CPU-10029 0
CPU-10030 0
CPU-10037 0
CPU-10039 0
CPU-10041 0
CPU-10043 0
CPU-10052 0
CPU-10053 7
CPU-10055 0
CPU-10066 0
CPU-10072 0
CPU-10073 0
CPU-10074 0
CPU-10075 0
CPU-10076 0
CPU-10082 0
CPU-10083 0
CPU-10084 14
3G 0
3G-on false
GPS 0
GPS-state-times 1.0 0.0 0.0
GPS-sattelites 0
Audio 0
Audio-on false
begin 3
total-power 340
LCD 336
LCD-brightness 20
LCD-screen-on true
LCD-10084 336
CPU 4
CPU-sys 1
CPU-usr 0
CPU-freq 1001.0
CPU-0 0
CPU-1000 0
CPU-1001 0
CPU-1002 0
CPU-1007 0
CPU-1010 0
CPU-1013 0
CPU-1014 0
CPU-1017 0
CPU-1019 0
CPU-1021 0
CPU-1023 0
CPU-1027 0
CPU-2000 7
CPU-9996 0
CPU-10000 0
CPU-10002 0
CPU-10009 0
CPU-10011 0
CPU-10013 0
CPU-10015 0
CPU-10023 0
CPU-10025 0
CPU-10026 0
CPU-10029 0
CPU-10030 0
CPU-10037 0
CPU-10039 0
CPU-10041 0
CPU-10043 0
CPU-10052 0
CPU-10053 0
CPU-10055 0
CPU-10066 0
CPU-10072 0
CPU-10073 0
CPU-10074 0
CPU-10075 0
CPU-10076 0
CPU-10082 0
CPU-10083 0
CPU-10084 14
3G 0
3G-on false
GPS 0
GPS-state-times 1.0 0.0 0.0
GPS-sattelites 0
Audio 0
Audio-on false
begin 4
total-power 362
LCD 336
LCD-brightness 20
LCD-screen-on true
LCD-10084 336
CPU 26
CPU-sys 6
CPU-usr 0
CPU-freq 1001.0
CPU-0 7
CPU-1000 7
CPU-1001 0
CPU-1002 0
CPU-1007 0
CPU-1010 0
CPU-1013 0
CPU-1014 0
CPU-1017 0
CPU-1019 0
CPU-1021 0
CPU-1023 0
CPU-1027 0
CPU-2000 14
CPU-9996 0
CPU-10000 0
CPU-10002 0
CPU-10009 0
CPU-10011 0
CPU-10013 0
CPU-10015 0
CPU-10023 0
CPU-10025 0
CPU-10026 0
CPU-10029 0
CPU-10030 0
CPU-10037 0
CPU-10039 0
CPU-10041 0
CPU-10043 0
CPU-10052 0
CPU-10053 84
CPU-10055 0
CPU-10066 0
CPU-10072 0
CPU-10073 0
CPU-10074 0
CPU-10075 0
CPU-10076 0
CPU-10082 0
CPU-10083 0
CPU-10084 14
3G 0
3G-on false
GPS 0
GPS-state-times 1.0 0.0 0.0
GPS-sattelites 0
Audio 0
Audio-on false
signal 14
begin 5
total-power 769
LCD 336
LCD-brightness 20
LCD-screen-on true
LCD-10084 336
CPU 433
CPU-sys 59
CPU-usr 41
CPU-freq 1001.0
CPU-0 1132
CPU-1000 1132
CPU-1001 0
CPU-1002 0
CPU-1007 0
CPU-1010 0
CPU-1013 0
CPU-1014 0
CPU-1017 0
CPU-1019 0
CPU-1021 0
CPU-1023 0
CPU-1027 0
CPU-2000 1132
CPU-9996 0
CPU-10000 0
CPU-10002 0
CPU-10009 0
CPU-10011 0
CPU-10013 0
CPU-10015 0
CPU-10023 0
CPU-10025 0
CPU-10026 0
CPU-10029 0
CPU-10030 0
CPU-10037 0
CPU-10039 0
CPU-10041 0
CPU-10043 0
CPU-10052 0
CPU-10053 0
CPU-10055 0
CPU-10066 0
CPU-10072 0
CPU-10073 0
CPU-10074 0
CPU-10075 0
CPU-10076 0
CPU-10082 0
CPU-10083 0
CPU-10084 1132
3G 0
3G-on false
GPS 0
GPS-state-times 1.0 0.0 0.0
GPS-sattelites 0
Audio 0
Audio-on false
battery-change 2 24/100 3871320
begin 6
total-power 643
LCD 336
LCD-brightness 20
LCD-screen-on true
LCD-10084 336
CPU 307
CPU-sys 62
CPU-usr 9
CPU-freq 1209.0
CPU-0 8
CPU-1000 586
CPU-1001 0
CPU-1002 0
CPU-1007 0
CPU-1010 0
CPU-1013 0
CPU-1014 0
CPU-1017 0
CPU-1019 0
CPU-1021 0
CPU-1023 0
CPU-1027 0
CPU-2000 146
CPU-9996 0
CPU-10000 0
CPU-10009 0
CPU-10013 0
CPU-10015 0
CPU-10023 0
CPU-10026 0
CPU-10029 0
CPU-10030 0
CPU-10039 0
CPU-10041 0
CPU-10043 0
CPU-10053 51
CPU-10055 0
CPU-10072 0
CPU-10076 0
CPU-10084 17
3G 0
3G-on false
GPS 0
GPS-state-times 1.0 0.0 0.0
GPS-sattelites 0
Audio 0
Audio-on false
associate 10085 com.example@1
begin 7
total-power 612
LCD 336
LCD-brightness 20
LCD-screen-on true
LCD-10085 336
CPU 276
CPU-sys 59
CPU-usr 5
CPU-freq 1209.0
CPU-0 8
CPU-1000 350
CPU-1001 0
CPU-1002 0
CPU-1007 0
CPU-1010 0
CPU-1013 0
CPU-1014 0
CPU-1017 0
CPU-1019 0
CPU-1021 0
CPU-1023 0
CPU-1027 0
CPU-2000 143
CPU-9996 0
CPU-10000 0
CPU-10009 0
CPU-10011 0
CPU-10013 0
CPU-10015 0
CPU-10023 0
CPU-10026 0
CPU-10029 0
CPU-10030 0
CPU-10039 0
CPU-10041 0
CPU-10043 0
CPU-10053 16
CPU-10055 0
CPU-10066 0
CPU-10072 0
CPU-10073 8
CPU-10074 25
CPU-10075 0
CPU-10076 0
CPU-10082 0
CPU-10083 0
CPU-10084 33
3G 0
3G-on false
GPS 0
GPS-state-times 1.0 0.0 0.0
GPS-sattelites 0
Audio 0
Audio-on false
begin 8
total-power 470
LCD 336
LCD-brightness 20
LCD-screen-on true
LCD-10085 336
CPU 134
CPU-sys 29
CPU-usr 2
CPU-freq 1001.0
CPU-0 94
CPU-1000 233
CPU-1001 0
CPU-1002 0
CPU-1007 0
CPU-1010 0
CPU-1013 0
CPU-1017 0
CPU-1019 0
CPU-1021 0
CPU-1023 7
CPU-1027 14
CPU-2000 43
CPU-9996 0
CPU-10009 0
CPU-10029 0
CPU-10041 0
CPU-10053 36
3G 0
3G-on false
GPS 0
GPS-state-times 1.0 0.0 0.0
GPS-sattelites 0
Audio 0
Audio-on false
associate 10022 com.android.gallery3d@40000
begin 9
total-power 409
LCD 336
LCD-brightness 20
LCD-screen-on true
LCD-10085 336
CPU 73
CPU-sys 17
CPU-usr 0
CPU-freq 1001.0
CPU-0 35
CPU-1000 93
CPU-1001 14
CPU-1002 0
CPU-1007 0
CPU-1010 0
CPU-1013 0
CPU-1014 0
CPU-1017 0
CPU-1019 0
CPU-1021 0
CPU-1023 0
CPU-1027 0
CPU-2000 64
CPU-9996 0
CPU-10000 0
CPU-10009 0
CPU-10011 35
CPU-10013 0
CPU-10015 0
CPU-10022 0
CPU-10023 0
CPU-10025 0
CPU-10026 0
CPU-10029 0
CPU-10037 0
CPU-10039 28
CPU-10041 0
CPU-10043 0
CPU-10052 0
CPU-10053 14
CPU-10055 0
CPU-10066 0
CPU-10072 0
CPU-10073 0
CPU-10074 0
CPU-10075 0
CPU-10076 0
CPU-10083 0
CPU-10084 14
CPU-10085 86
3G 0
3G-on false
GPS 0
GPS-state-times 1.0 0.0 0.0
GPS-sattelites 0
Audio 0
Audio-on false
begin 10
total-power 369
meminfo 1003792 90640 41524 435864
LCD 336
LCD-brightness 20
LCD-screen-on true
LCD-10085 336
CPU 33
CPU-sys 8
CPU-usr 0
CPU-freq 1001.0
CPU-0 35
CPU-1000 49
CPU-1001 0
CPU-1002 0
CPU-1007 0
CPU-1010 0
CPU-1013 0
CPU-1014 0
CPU-1017 0
CPU-1019 0
CPU-1021 0
CPU-1023 0
CPU-1027 0
CPU-2000 28
CPU-9996 0
CPU-10000 0
CPU-10009 0
CPU-10011 0
CPU-10013 0
CPU-10015 0
CPU-10023 0
CPU-10026 0
CPU-10029 0
CPU-10037 0
CPU-10039 14
CPU-10041 0
CPU-10043 0
CPU-10052 0
CPU-10053 7
CPU-10055 0
CPU-10066 0
CPU-10072 0
CPU-10073 0
CPU-10074 0
CPU-10075 0
CPU-10076 0
CPU-10083 0
CPU-10084 7
3G 0
3G-on false
GPS 0
GPS-state-times 1.0 0.0 0.0
GPS-sattelites 0
Audio 0
Audio-on false
begin 11
total-power 400
LCD 336
LCD-brightness 20
LCD-screen-on true
LCD-10085 336
CPU 64
CPU-sys 15
CPU-usr 0
CPU-freq 1001.0
CPU-0 6
CPU-1000 124
CPU-1001 6
CPU-1002 0
CPU-1007 0
CPU-1010 0
CPU-1013 0
CPU-1014 0
CPU-1017 0
CPU-1019 0
CPU-1021 0
CPU-1023 0
CPU-1027 0
CPU-2000 34
CPU-9996 0
CPU-10000 0
CPU-10009 0
CPU-10011 0
CPU-10013 0
CPU-10015 0
CPU-10022 0
CPU-10023 0
CPU-10025 0
CPU-10026 0
CPU-10029 0
CPU-10037 0
CPU-10039 0
CPU-10041 0
CPU-10043 0
CPU-10052 0
CPU-10053 0
CPU-10055 0
CPU-10066 0
CPU-10072 0
CPU-10073 0
CPU-10074 0
CPU-10075 0
CPU-10076 0
CPU-10083 0
CPU-10084 13
CPU-10085 76
3G 0
3G-on false
GPS 0
GPS-state-times 1.0 0.0 0.0
GPS-sattelites 0
Audio 0
Audio-on false
begin 12
total-power 769
LCD 336
LCD-brightness 20
LCD-screen-on true
LCD-10085 336
CPU 433
CPU-sys 62
CPU-usr 38
CPU-freq 1001.0
CPU-0 212
CPU-1000 672
CPU-1001 0
CPU-1002 0
CPU-1007 0
CPU-1010 0
CPU-1013 0
CPU-1014 0
CPU-1017 0
CPU-1019 0
CPU-1021 0
CPU-1023 0
CPU-1027 0
CPU-2000 460
CPU-9996 0
CPU-10000 0
CPU-10002 130
CPU-10009 0
CPU-10011 0
CPU-10013 0
CPU-10015 0
CPU-10022 0
CPU-10023 0
CPU-10025 0
CPU-10026 0
CPU-10029 0
CPU-10037 0
CPU-10039 43
CPU-10041 0
CPU-10043 0
CPU-10052 0
CPU-10053 0
CPU-10055 0
CPU-10066 0
CPU-10072 0
CPU-10073 0
CPU-10074 0
CPU-10075 0
CPU-10076 0
CPU-10083 0
CPU-10084 43
CPU-10085 531
3G 0
3G-on false
GPS 0
GPS-state-times 1.0 0.0 0.0
GPS-sattelites 0
Audio 0
Audio-on false
begin 13
total-power 564
LCD 336
LCD-brightness 20
LCD-screen-on true
LCD-10085 336
CPU 228
CPU-sys 44
CPU-usr 8
CPU-freq 1001.0
CPU-0 177
CPU-1000 220
CPU-1001 7
CPU-1002 0
CPU-1007 0
CPU-1010 0
CPU-1013 0
CPU-1014 0
CPU-1017 0
CPU-1019 0
CPU-1021 0
CPU-1023 0
CPU-1027 0
CPU-2000 135
CPU-9996 0
CPU-10000 0
CPU-10009 0
CPU-10011 0
CPU-10013 0
CPU-10015 0
CPU-10023 0
CPU-10026 0
CPU-10029 0
CPU-10037 0
CPU-10039 71
CPU-10041 0
CPU-10043 0
CPU-10052 0
CPU-10053 0
CPU-10055 0
CPU-10066 0
CPU-10072 0
CPU-10073 0
CPU-10074 0
CPU-10075 0
CPU-10076 0
CPU-10083 0
CPU-10084 21
3G 0
3G-on false
GPS 0
GPS-state-times 1.0 0.0 0.0
GPS-sattelites 0
Audio 0
Audio-on false
begin 14
total-power 433
LCD 336
LCD-brightness 20
LCD-screen-on true
LCD-10085 336
CPU 97
CPU-sys 22
CPU-usr 1
CPU-freq 1001.0
CPU-0 14
CPU-1000 214
CPU-1001 0
CPU-1002 0
CPU-1007 0
CPU-1010 0
CPU-1013 0
CPU-1014 0
CPU-1017 0
CPU-1019 0
CPU-1021 0
CPU-1023 0
CPU-1027 0
CPU-2000 78
CPU-9996 0
CPU-10000 0
CPU-10009 0
CPU-10013 0
CPU-10015 0
CPU-10023 0
CPU-10026 0
CPU-10029 0
CPU-10039 0
CPU-10041 0
CPU-10043 0
CPU-10053 0
CPU-10055 0
CPU-10072 0
CPU-10076 0
CPU-10084 7
3G 0
3G-on false
GPS 0
GPS-state-times 1.0 0.0 0.0
GPS-sattelites 0
Audio 0
Audio-on false
begin 15
total-power 396
LCD 336
LCD-brightness 20
LCD-screen-on true
LCD-10085 336
CPU 60
CPU-sys 13
CPU-usr 1
CPU-freq 1001.0
CPU-0 43
CPU-1000 107
CPU-1001 0
CPU-1002 0
CPU-1007 0
CPU-1010 0
CPU-1013 0
CPU-1014 0
CPU-1017 0
CPU-1019 0
CPU-1021 0
CPU-1023 0
CPU-1027 0
CPU-2000 64
CPU-9996 0
CPU-10000 0
CPU-10009 0
CPU-10013 0
CPU-10015 0
CPU-10023 0
CPU-10026 0
CPU-10029 0
CPU-10039 0
CPU-10041 0
CPU-10043 0
CPU-10053 7
CPU-10055 0
CPU-10072 0
CPU-10076 0
CPU-10084 21
3G 0
3G-on false
GPS 0
GPS-state-times 1.0 0.0 0.0
GPS-sattelites 0
Audio 0
Audio-on false
signal 14
battery-change 2 24/100 3870320
associate 10060 com.android.browser.provider@16
begin 16
total-power 382
LCD 336
LCD-brightness 20
LCD-screen-on true
LCD-10085 336
CPU 46
CPU-sys 11
CPU-usr 0
CPU-freq 1001.0
CPU-0 28
CPU-1000 84
CPU-1001 0
CPU-1002 0
CPU-1007 0
CPU-1010 0
CPU-1013 0
CPU-1014 0
CPU-1017 0
CPU-1019 0
CPU-1021 0
CPU-1023 0
CPU-1027 0
CPU-2000 63
CPU-9996 0
CPU-10000 0
CPU-10002 0
CPU-10009 0
CPU-10011 0
CPU-10013 0
CPU-10015 0
CPU-10023 0
CPU-10026 0
CPU-10029 0
CPU-10037 0
CPU-10039 0
CPU-10041 0
CPU-10043 0
CPU-10052 0
CPU-10053 14
CPU-10055 0
CPU-10060 0
CPU-10072 0
CPU-10075 0
CPU-10076 0
CPU-10083 0
CPU-10084 14
CPU-10085 84
3G 0
3G-on false
GPS 0
GPS-state-times 1.0 0.0 0.0
GPS-sattelites 0
Audio 0
Audio-on false
begin 17
total-power 376
LCD 336
LCD-brightness 20
LCD-screen-on true
LCD-10085 336
CPU 40
CPU-sys 9
CPU-usr 0
CPU-freq 1001.0
CPU-0 0
CPU-1000 85
CPU-1001 0
CPU-1002 0
CPU-1007 0
CPU-1010 0
CPU-1013 0
CPU-1014 0
CPU-1017 0
CPU-1019 0
CPU-1021 0
CPU-1023 0
CPU-1027 0
CPU-2000 50
CPU-9996 0
CPU-10000 0
CPU-10009 0
CPU-10013 0
CPU-10015 0
CPU-10023 0
CPU-10026 0
CPU-10029 0
CPU-10039 0
CPU-10041 0
CPU-10043 0
CPU-10053 7
CPU-10055 0
CPU-10072 0
CPU-10076 0
CPU-10084 14
3G 0
3G-on false
GPS 0
GPS-state-times 1.0 0.0 0.0
GPS-sattelites 0
Audio 0
Audio-on false
begin 18
total-power 390
LCD 336
LCD-brightness 20
LCD-screen-on true
LCD-10084 336
CPU 54
CPU-sys 13
CPU-usr 0
CPU-freq 1001.0
CPU-0 42
CPU-1000 91
CPU-1001 7
CPU-1002 0
CPU-1007 0
CPU-1010 0
CPU-1013 0
CPU-1014 0
CPU-1017 0
CPU-1019 0
CPU-1021 0
CPU-1023 0
CPU-1027 0
CPU-2000 35
CPU-9996 0
CPU-10000 0
CPU-10009 0
CPU-10011 0
CPU-10013 0
CPU-10015 0
CPU-10023 0
CPU-10026 0
CPU-10029 0
CPU-10037 0
CPU-10039 0
CPU-10041 0
CPU-10043 0
CPU-10052 0
CPU-10053 35
CPU-10055 0
CPU-10072 0
CPU-10075 0
CPU-10076 0
CPU-10083 0
CPU-10084 35
3G 0
3G-on false
GPS 0
GPS-state-times 1.0 0.0 0.0
GPS-sattelites 0
Audio 0
Audio-on false
associate 10006 com.android.calendar@16
associate 10008 android.uid.calendar:10008@16
associate 10016 com.android.email@410000
associate 10018 com.android.exchange@500000
associate 10061 com.android.chrome@1916122
begin 19
total-power 344
LCD 336
LCD-brightness 20
LCD-screen-on true
LCD-10084 336
CPU 8
CPU-sys 2
CPU-usr 0
CPU-freq 1001.0
CPU-0 0
CPU-1000 28
CPU-1001 0
CPU-1002 0
CPU-1007 0
CPU-1010 0
CPU-1013 0
CPU-1014 0
CPU-1017 0
CPU-1019 0
CPU-1021 0
CPU-1023 0
CPU-1027 0
CPU-2000 0
CPU-9996 0
CPU-10000 0
CPU-10002 0
CPU-10006 0
CPU-10008 0
CPU-10009 0
CPU-10011 0
CPU-10013 0
CPU-10015 0
CPU-10016 0
CPU-10018 0
CPU-10023 0
CPU-10026 0
CPU-10029 0
CPU-10037 0
CPU-10039 0
CPU-10041 0
CPU-10043 0
CPU-10052 0
CPU-10053 0
CPU-10055 0
CPU-10060 0
CPU-10061 0
CPU-10072 0
CPU-10075 0
CPU-10076 0
CPU-10083 0
CPU-10084 7
3G 0
3G-on false
GPS 0
GPS-state-times 1.0 0.0 0.0
GPS-sattelites 0
Audio 0
Audio-on false
begin 20
total-power 340
meminfo 1003792 118044 41548 436004
LCD 336
LCD-brightness 20
LCD-screen-on true
LCD-10084 336
CPU 4
CPU-sys 1
CPU-usr 0
CPU-freq 1001.0
CPU-0 6
CPU-1000 6
CPU-1001 0
CPU-1002 0
CPU-1007 0
CPU-1010 0
CPU-1013 0
CPU-1014 0
CPU-1017 0
CPU-1019 0
CPU-1021 0
CPU-1023 0
CPU-1027 0
CPU-2000 0
CPU-9996 0
CPU-10000 0
CPU-10002 0
CPU-10006 0
CPU-10008 0
CPU-10009 0
CPU-10011 0
CPU-10013 0
CPU-10015 0
CPU-10016 0
CPU-10018 0
CPU-10023 0
CPU-10026 0
CPU-10029 0
CPU-10037 0
CPU-10039 0
CPU-10041 0
CPU-10043 0
CPU-10052 0
CPU-10053 0
CPU-10055 0
CPU-10060 0
CPU-10061 0
CPU-10072 0
CPU-10075 0
CPU-10076 0
CPU-10083 0
CPU-10084 6
3G 0
3G-on false
GPS 0
GPS-state-times 1.0 0.0 0.0
GPS-sattelites 0
Audio 0
Audio-on false
signal 14
begin 21
total-power 338
LCD 336
LCD-brightness 20
LCD-screen-on true
LCD-10084 336
CPU 2
CPU-sys 1
CPU-usr 0
CPU-freq 1001.0
CPU-0 0
CPU-1000 7
CPU-1001 0
CPU-1002 0
CPU-1007 0
CPU-1010 0
CPU-1013 0
CPU-1014 0
CPU-1017 0
CPU-1019 0
CPU-1021 0
CPU-1023 0
CPU-1027 0
CPU-2000 0
CPU-9996 0
CPU-10000 0
CPU-10002 0
CPU-10006 0
CPU-10008 0
CPU-10009 0
CPU-10011 0
CPU-10013 0
CPU-10015 0
CPU-10016 0
CPU-10018 0
CPU-10023 0
CPU-10026 0
CPU-10029 0
CPU-10037 0
CPU-10039 0
CPU-10041 0
CPU-10043 0
CPU-10052 0
CPU-10053 0
CPU-10055 0
CPU-10060 0
CPU-10061 0
CPU-10072 0
CPU-10075 0
CPU-10076 0
CPU-10083 0
CPU-10084 7
3G 0
3G-on false
GPS 0
GPS-state-times 1.0 0.0 0.0
GPS-sattelites 0
Audio 0
Audio-on false
begin 22
total-power 399
LCD 336
LCD-brightness 20
LCD-screen-on true
LCD-10084 336
CPU 63
CPU-sys 12
CPU-usr 3
CPU-freq 1001.0
CPU-0 7
CPU-1000 56
CPU-1001 0
CPU-1002 0
CPU-1007 0
CPU-1010 0
CPU-1013 0
CPU-1014 0
CPU-1017 0
CPU-1019 0
CPU-1021 0
CPU-1023 0
CPU-1027 0
CPU-2000 0
CPU-9996 0
CPU-10000 0
CPU-10002 0
CPU-10006 0
CPU-10008 0
CPU-10009 0
CPU-10011 0
CPU-10013 0
CPU-10015 0
CPU-10016 0
CPU-10018 0
CPU-10023 0
CPU-10026 0
CPU-10029 0
CPU-10037 0
CPU-10039 0
CPU-10041 0
CPU-10043 0
CPU-10052 0
CPU-10053 0
CPU-10055 0
CPU-10060 0
CPU-10061 7
CPU-10072 0
CPU-10075 0
CPU-10076 0
CPU-10083 0
CPU-10084 7
3G 0
3G-on false
GPS 0
GPS-state-times 1.0 0.0 0.0
GPS-sattelites 0
Audio 0
Audio-on false
begin 23
total-power 336
LCD 336
LCD-brightness 20
LCD-screen-on true
LCD-10084 336
CPU 0
CPU-sys 0
CPU-usr 0
CPU-freq 1001.0
CPU-0 7
CPU-1000 0
CPU-1001 7
CPU-1002 0
CPU-1007 0
CPU-1010 0
CPU-1013 0
CPU-1014 0
CPU-1017 0
CPU-1019 0
CPU-1021 0
CPU-1023 0
CPU-1027 0
CPU-2000 28
CPU-9996 0
CPU-10000 0
CPU-10002 0
CPU-10006 0
CPU-10008 0
CPU-10009 0
CPU-10011 0
CPU-10013 0
CPU-10015 0
CPU-10016 0
CPU-10018 0
CPU-10023 0
CPU-10026 0
CPU-10029 0
CPU-10037 0
CPU-10039 0
CPU-10041 0
CPU-10043 0
CPU-10052 0
CPU-10053 7
CPU-10055 0
CPU-10060 0
CPU-10061 0
CPU-10072 0
CPU-10075 0
CPU-10076 0
CPU-10083 0
CPU-10084 7
3G 0
3G-on false
GPS 0
GPS-state-times 1.0 0.0 0.0
GPS-sattelites 0
Audio 0
Audio-on false
begin 24
total-power 340
LCD 336
LCD-brightness 20
LCD-screen-on true
LCD-10084 336
CPU 4
CPU-sys 1
CPU-usr 0
CPU-freq 1001.0
CPU-0 20
CPU-1000 6
CPU-1001 0
CPU-1002 0
CPU-1007 0
CPU-1010 0
CPU-1013 6
CPU-1014 0
CPU-1017 0
CPU-1019 0
CPU-1021 0
CPU-1023 0
CPU-1027 0
CPU-2000 0
CPU-9996 0
CPU-10000 0
CPU-10002 0
CPU-10006 0
CPU-10008 0
CPU-10009 0
CPU-10011 0
CPU-10013 0
CPU-10015 0
CPU-10016 0
CPU-10018 0
CPU-10023 0
CPU-10026 0
CPU-10029 0
CPU-10037 0
CPU-10039 0
CPU-10041 0
CPU-10043 0
CPU-10052 0
CPU-10053 0
CPU-10055 0
CPU-10060 0
CPU-10061 0
CPU-10072 0
CPU-10075 0
CPU-10076 0
CPU-10083 0
CPU-10084 13
3G 0
3G-on false
GPS 0
GPS-state-times 1.0 0.0 0.0
GPS-sattelites 0
Audio 0
Audio-on false
begin 25
total-power 338
LCD 336
LCD-brightness 20
LCD-screen-on true
LCD-10084 336
CPU 2
CPU-sys 1
CPU-usr 0
CPU-freq 1001.0
CPU-0 14
CPU-1000 0
CPU-1001 0
CPU-1002 0
CPU-1007 0
CPU-1010 0
CPU-1013 0
CPU-1014 0
CPU-1017 0
CPU-1019 0
CPU-1021 0
CPU-1023 0
CPU-1027 0
CPU-2000 0
CPU-9996 0
CPU-10000 0
CPU-10002 0
CPU-10006 0
CPU-10008 0
CPU-10009 0
CPU-10011 0
CPU-10013 0
CPU-10015 0
CPU-10016 0
CPU-10018 0
CPU-10023 0
CPU-10026 0
CPU-10029 0
CPU-10037 0
CPU-10039 0
CPU-10041 0
CPU-10043 0
CPU-10052 0
CPU-10053 0
CPU-10055 0
CPU-10060 0
CPU-10061 0
CPU-10072 0
CPU-10075 0
CPU-10076 0
CPU-10083 0
CPU-10084 7
3G 0
3G-on false
GPS 0
GPS-state-times 1.0 0.0 0.0
GPS-sattelites 0
Audio 0
Audio-on false
signal 14
battery-change 2 25/100 3871320
begin 26
total-power 338
LCD 336
LCD-brightness 20
LCD-screen-on true
LCD-10084 336
CPU 2
CPU-sys 1
CPU-usr 0
CPU-freq 1001.0
CPU-0 0
CPU-1000 7
CPU-1001 0
CPU-1002 0
CPU-1007 0
CPU-1010 0
CPU-1013 0
CPU-1014 0
CPU-1017 0
CPU-1019 0
CPU-1021 0
CPU-1023 0
CPU-1027 0
CPU-2000 0
CPU-9996 0
CPU-10000 0
CPU-10002 0
CPU-10006 0
CPU-10008 0
CPU-10009 0
CPU-10011 0
CPU-10013 0
CPU-10015 0
CPU-10016 0
CPU-10018 0
CPU-10023 0
CPU-10026 0
CPU-10029 0
CPU-10037 0
CPU-10039 0
CPU-10041 0
CPU-10043 0
CPU-10052 0
CPU-10053 0
CPU-10055 0
CPU-10060 0
CPU-10061 0
CPU-10072 70
CPU-10075 0
CPU-10076 0
CPU-10083 0
CPU-10084 7
3G 0
3G-on false
GPS 0
GPS-state-times 1.0 0.0 0.0
GPS-sattelites 0
Audio 0
Audio-on false
begin 27
total-power 353
LCD 336
LCD-brightness 20
LCD-screen-on true
LCD-10084 336
CPU 17
CPU-sys 4
CPU-usr 0
CPU-freq 1001.0
CPU-0 21
CPU-1000 21
CPU-1001 0
CPU-1002 0
CPU-1007 0
CPU-1010 0
CPU-1013 0
CPU-1014 0
CPU-1017 0
CPU-1019 0
CPU-1021 0
CPU-1023 0
CPU-1027 0
CPU-2000 0
CPU-9996 0
CPU-10000 0
CPU-10002 0
CPU-10006 0
CPU-10008 0
CPU-10009 0
CPU-10011 0
CPU-10013 0
CPU-10015 0
CPU-10016 0
CPU-10018 0
CPU-10023 0
CPU-10026 0
CPU-10029 0
CPU-10037 0
CPU-10039 14
CPU-10041 0
CPU-10043 0
CPU-10052 0
CPU-10053 0
CPU-10055 0
CPU-10060 0
CPU-10061 0
CPU-10072 7
CPU-10075 0
CPU-10076 0
CPU-10083 0
CPU-10084 7
3G 0
3G-on false
GPS 0
GPS-state-times 1.0 0.0 0.0
GPS-sattelites 0
Audio 0
Audio-on false
begin 28
total-power 353
LCD 336
LCD-brightness 20
LCD-screen-on true
LCD-10084 336
CPU 17
CPU-sys 4
CPU-usr 1
CPU-freq 1001.0
CPU-0 0
CPU-1000 0
CPU-1001 7
CPU-1002 0
CPU-1007 0
CPU-1010 0
CPU-1013 0
CPU-1014 0
CPU-1017 0
CPU-1019 0
CPU-1021 0
CPU-1023 0
CPU-1027 0
CPU-2000 28
CPU-9996 0
CPU-10000 0
CPU-10002 0
CPU-10006 0
CPU-10008 0
CPU-10009 0
CPU-10011 0
CPU-10013 0
CPU-10015 0
CPU-10016 0
CPU-10018 0
CPU-10023 0
CPU-10026 0
CPU-10029 0
CPU-10037 0
CPU-10039 63
CPU-10041 0
CPU-10043 0
CPU-10052 0
CPU-10053 7
CPU-10055 0
CPU-10060 0
CPU-10061 0
CPU-10072 0
CPU-10075 0
CPU-10076 0
CPU-10083 0
CPU-10084 7
3G 0
3G-on false
GPS 0
GPS-state-times 1.0 0.0 0.0
GPS-sattelites 0
Audio 0
Audio-on false
begin 29
total-power 342
LCD 336
LCD-brightness 20
LCD-screen-on true
LCD-10084 336
CPU 6
CPU-sys 2
CPU-usr 0
CPU-freq 1001.0
CPU-0 7
CPU-1000 7
CPU-1001 0
CPU-1002 0
CPU-1007 0
CPU-1010 0
CPU-1013 0
CPU-1014 0
CPU-1017 0
CPU-1019 0
CPU-1021 0
CPU-1023 0
CPU-1027 0
CPU-2000 7
CPU-9996 0
CPU-10000 0
CPU-10002 0
CPU-10006 0
CPU-10008 0
CPU-10009 0
CPU-10011 0
CPU-10013 0
CPU-10015 0
CPU-10016 0
CPU-10018 0
CPU-10023 0
CPU-10026 0
CPU-10029 0
CPU-10037 0
CPU-10039 14
CPU-10041 0
CPU-10043 0
CPU-10052 0
CPU-10053 0
CPU-10055 0
CPU-10060 0
CPU-10061 0
CPU-10072 0
CPU-10075 0
CPU-10076 0
CPU-10083 0
CPU-10084 7
3G 0
3G-on false
GPS 0
GPS-state-times 1.0 0.0 0.0
GPS-sattelites 0
Audio 0
Audio-on false
begin 30
total-power 342
meminfo 1003792 113980 41552 436004
LCD 336
LCD-brightness 20
LCD-screen-on true
LCD-10084 336
CPU 6
CPU-sys 2
CPU-usr 0
CPU-freq 1001.0
CPU-0 0
CPU-1000 13
CPU-1001 0
CPU-1002 0
CPU-1007 0
CPU-1010 0
CPU-1013 0
CPU-1014 0
CPU-1017 0
CPU-1019 0
CPU-1021 0
CPU-1023 0
CPU-1027 0
CPU-2000 6
CPU-9996 0
CPU-10000 0
CPU-10002 0
CPU-10006 0
CPU-10008 0
CPU-10009 0
CPU-10011 20
CPU-10013 0
CPU-10015 0
CPU-10016 0
CPU-10018 0
CPU-10023 0
CPU-10026 0
CPU-10029 0
CPU-10037 0
CPU-10039 0
CPU-10041 0
CPU-10043 0
CPU-10052 0
CPU-10053 0
CPU-10055 0
CPU-10060 0
CPU-10061 0
CPU-10072 0
CPU-10075 0
CPU-10076 0
CPU-10083 0
CPU-10084 13
3G 0
3G-on false
GPS 0
GPS-state-times 1.0 0.0 0.0
GPS-sattelites 0
Audio 0
Audio-on false
signal 14
begin 31
total-power 340
LCD 336
LCD-brightness 20
LCD-screen-on true
LCD-10084 336
CPU 4
CPU-sys 1
CPU-usr 0
CPU-freq 1001.0
CPU-0 7
CPU-1000 0
CPU-1001 0
CPU-1002 0
CPU-1007 0
CPU-1010 0
CPU-1013 0
CPU-1014 0
CPU-1017 0
CPU-1019 0
CPU-1021 0
CPU-1023 0
CPU-1027 0
CPU-2000 0
CPU-9996 0
CPU-10000 0
CPU-10002 0
CPU-10006 0
CPU-10008 0
CPU-10009 0
CPU-10011 0
CPU-10013 0
CPU-10015 0
CPU-10016 0
CPU-10018 0
CPU-10023 0
CPU-10026 0
CPU-10029 0
CPU-10037 0
CPU-10039 0
CPU-10041 0
CPU-10043 0
CPU-10052 0
CPU-10053 0
CPU-10055 0
CPU-10060 0
CPU-10061 0
CPU-10072 0
CPU-10075 0
CPU-10076 0
CPU-10083 0
CPU-10084 7
3G 0
3G-on false
GPS 0
GPS-state-times 1.0 0.0 0.0
GPS-sattelites 0
Audio 0
Audio-on false
begin 32
total-power 346
LCD 336
LCD-brightness 20
LCD-screen-on true
LCD-10084 336
CPU 10
CPU-sys 3
CPU-usr 0
CPU-freq 1001.0
CPU-0 7
CPU-1000 21
CPU-1001 0
CPU-1002 0
CPU-1007 0
CPU-1010 0
CPU-1013 0
CPU-1014 0
CPU-1017 0
CPU-1019 0
CPU-1021 0
CPU-1023 0
CPU-1027 0
CPU-2000 0
CPU-9996 0
CPU-10000 0
CPU-10002 0
CPU-10006 0
CPU-10008 0
CPU-10009 0
CPU-10011 0
CPU-10013 0
CPU-10015 0
CPU-10016 0
CPU-10018 0
CPU-10023 0
CPU-10026 0
CPU-10029 0
CPU-10037 0
CPU-10039 0
CPU-10041 0
CPU-10043 0
CPU-10052 0
CPU-10053 0
CPU-10055 0
CPU-10060 0
CPU-10061 0
CPU-10072 0
CPU-10075 0
CPU-10076 0
CPU-10083 0
CPU-10084 7
3G 0
3G-on false
GPS 0
GPS-state-times 1.0 0.0 0.0
GPS-sattelites 0
Audio 0
Audio-on false
begin 33
total-power 338
LCD 336
LCD-brightness 20
LCD-screen-on true
LCD-10084 336
CPU 2
CPU-sys 1
CPU-usr 0
CPU-freq 1001.0
CPU-0 0
CPU-1000 0
CPU-1001 7
CPU-1002 0
CPU-1007 0
CPU-1010 0
CPU-1013 0
CPU-1014 0
CPU-1017 0
CPU-1019 0
CPU-1021 0
CPU-1023 0
CPU-1027 0
CPU-2000 7
CPU-9996 0
CPU-10000 0
CPU-10002 0
CPU-10006 0
CPU-10008 0
CPU-10009 0
CPU-10011 0
CPU-10013 0
CPU-10015 0
CPU-10016 0
CPU-10018 0
CPU-10023 0
CPU-10026 0
CPU-10029 0
CPU-10037 0
CPU-10039 0
CPU-10041 0
CPU-10043 0
CPU-10052 0
CPU-10053 14
CPU-10055 0
CPU-10060 0
CPU-10061 0
CPU-10072 0
CPU-10075 0
CPU-10076 0
CPU-10083 0
CPU-10084 7
3G 0
3G-on false
GPS 0
GPS-state-times 1.0 0.0 0.0
GPS-sattelites 0
Audio 0
Audio-on false
begin 34
total-power 340
LCD 336
LCD-brightness 20
LCD-screen-on true
LCD-10084 336
CPU 4
CPU-sys 1
CPU-usr 0
CPU-freq 1001.0
CPU-0 6
CPU-1000 6
CPU-1001 0
CPU-1002 0
CPU-1007 0
CPU-1010 0
CPU-1013 0
CPU-1014 0
CPU-1017 0
CPU-1019 0
CPU-1021 0
CPU-1023 0
CPU-1027 0
CPU-2000 0
CPU-9996 0
CPU-10000 0
CPU-10002 0
CPU-10006 0
CPU-10008 0
CPU-10009 0
CPU-10011 0
CPU-10013 0
CPU-10015 0
CPU-10016 0
CPU-10018 0
CPU-10023 0
CPU-10026 0
CPU-10029 0
CPU-10037 0
CPU-10039 6
CPU-10041 0
CPU-10043 0
CPU-10052 0
CPU-10053 0
CPU-10055 0
CPU-10060 0
CPU-10061 0
CPU-10072 0
CPU-10075 0
CPU-10076 0
CPU-10083 0
CPU-10084 6
3G 0
3G-on false
GPS 0
GPS-state-times 1.0 0.0 0.0
GPS-sattelites 0
Audio 0
Audio-on false
begin 35
total-power 338
LCD 336
LCD-brightness 20
LCD-screen-on true
LCD-10084 336
CPU 2
CPU-sys 1
CPU-usr 0
CPU-freq 1001.0
CPU-0 0
CPU-1000 13
CPU-1001 0
CPU-1002 0
CPU-1007 0
CPU-1010 0
CPU-1013 0
CPU-1014 0
CPU-1017 0
CPU-1019 0
CPU-1021 0
CPU-1023 0
CPU-1027 0
CPU-2000 0
CPU-9996 0
CPU-10000 0
CPU-10002 0
CPU-10006 0
CPU-10008 0
CPU-10009 0
CPU-10011 0
CPU-10013 0
CPU-10015 0
CPU-10016 0
CPU-10018 0
CPU-10023 0
CPU-10026 0
CPU-10029 0
CPU-10037 0
CPU-10039 0
CPU-10041 0
CPU-10043 0
CPU-10052 0
CPU-10053 0
CPU-10055 0
CPU-10060 0
CPU-10061 0
CPU-10072 0
CPU-10075 0
CPU-10076 0
CPU-10083 0
CPU-10084 6
3G 0
3G-on false
GPS 0
GPS-state-times 1.0 0.0 0.0
GPS-sattelites 0
Audio 0
Audio-on false
