#
# A fatal error has been detected by the Java Runtime Environment:
#
#  Internal Error (javaClasses.cpp:127), pid=1740, tid=4992
#  fatal error: Invalid layout of preloaded class
#
# JRE version:  (8.0_40-b25) (build )
# Java VM: Java HotSpot(TM) 64-Bit Server VM (25.40-b25 mixed mode windows-amd64 compressed oops)
# Failed to write core dump. Minidumps are not enabled by default on client versions of Windows
#
# If you would like to submit a bug report, please visit:
#   http://bugreport.java.com/bugreport/crash.jsp
#

---------------  T H R E A D  ---------------

Current thread (0x000000000043e000):  JavaThread "Unknown thread" [_thread_in_vm, id=4992, stack(0x00000000024d0000,0x00000000025d0000)]

Stack: [0x00000000024d0000,0x00000000025d0000]
Native frames: (J=compiled Java code, j=interpreted, Vv=VM code, C=native code)
V  [jvm.dll+0x32b47a]
V  [jvm.dll+0x2797f3]
V  [jvm.dll+0x27a489]
V  [jvm.dll+0x271726]
V  [jvm.dll+0x67fd3]
V  [jvm.dll+0x680c3]
V  [jvm.dll+0x7d63a]
V  [jvm.dll+0x7d9a6]
V  [jvm.dll+0xf2077]
V  [jvm.dll+0xf2406]
V  [jvm.dll+0x20f107]
V  [jvm.dll+0x240d9a]
V  [jvm.dll+0x15b941]
C  [javaw.exe+0x217e]
C  [javaw.exe+0xcd17]
C  [javaw.exe+0xcdab]
C  [kernel32.dll+0x159ed]
C  [ntdll.dll+0x2c541]


---------------  P R O C E S S  ---------------

Java Threads: ( => current thread )

Other Threads:

=>0x000000000043e000 (exited) JavaThread "Unknown thread" [_thread_in_vm, id=4992, stack(0x00000000024d0000,0x00000000025d0000)]

VM state:not at safepoint (not fully initialized)

VM Mutex/Monitor currently owned by a thread: None

GC Heap History (0 events):
No events

Deoptimization events (0 events):
No events

Internal exceptions (0 events):
No events

Events (10 events):
Event: 0.014 loading class java/lang/CharSequence done
Event: 0.015 loading class java/lang/String done
Event: 0.015 loading class java/lang/Class
Event: 0.015 loading class java/lang/reflect/AnnotatedElement
Event: 0.015 loading class java/lang/reflect/AnnotatedElement done
Event: 0.015 loading class java/lang/reflect/GenericDeclaration
Event: 0.015 loading class java/lang/reflect/GenericDeclaration done
Event: 0.015 loading class java/lang/reflect/Type
Event: 0.015 loading class java/lang/reflect/Type done
Event: 0.015 loading class java/lang/Class done


Dynamic libraries:
0x000000013f470000 - 0x000000013f4a7000 	C:\Program Files\Java\jre1.8.0_40\bin\javaw.exe
0x00000000776f0000 - 0x0000000077899000 	C:\windows\SYSTEM32\ntdll.dll
0x00000000774d0000 - 0x00000000775ef000 	C:\windows\system32\kernel32.dll
0x000007fefd740000 - 0x000007fefd7ab000 	C:\windows\system32\KERNELBASE.dll
0x000007feff730000 - 0x000007feff80b000 	C:\windows\system32\ADVAPI32.dll
0x000007fefe2b0000 - 0x000007fefe34f000 	C:\windows\system32\msvcrt.dll
0x000007fefe380000 - 0x000007fefe39f000 	C:\windows\SYSTEM32\sechost.dll
0x000007fefdc80000 - 0x000007fefddad000 	C:\windows\system32\RPCRT4.dll
0x00000000775f0000 - 0x00000000776ea000 	C:\windows\system32\USER32.dll
0x000007fefdb10000 - 0x000007fefdb77000 	C:\windows\system32\GDI32.dll
0x000007fefe350000 - 0x000007fefe35e000 	C:\windows\system32\LPK.dll
0x000007fefdbb0000 - 0x000007fefdc79000 	C:\windows\system32\USP10.dll
0x000007fefbd10000 - 0x000007fefbf04000 	C:\windows\WinSxS\amd64_microsoft.windows.common-controls_6595b64144ccf1df_6.0.7601.17514_none_fa396087175ac9ac\COMCTL32.dll
0x000007feff810000 - 0x000007feff881000 	C:\windows\system32\SHLWAPI.dll
0x000007fefdb80000 - 0x000007fefdbae000 	C:\windows\system32\IMM32.DLL
0x000007fefddb0000 - 0x000007fefdeb9000 	C:\windows\system32\MSCTF.dll
0x000000006dc70000 - 0x000000006dd42000 	C:\Program Files\Java\jre1.8.0_40\bin\msvcr100.dll
0x000000006cb70000 - 0x000000006d3f3000 	C:\Program Files\Java\jre1.8.0_40\bin\server\jvm.dll
0x000007fef63f0000 - 0x000007fef63f9000 	C:\windows\system32\WSOCK32.dll
0x000007fefe0a0000 - 0x000007fefe0ed000 	C:\windows\system32\WS2_32.dll
0x000007feff890000 - 0x000007feff898000 	C:\windows\system32\NSI.dll
0x000007fef9ac0000 - 0x000007fef9afb000 	C:\windows\system32\WINMM.dll
0x000007fefc610000 - 0x000007fefc61c000 	C:\windows\system32\VERSION.dll
0x00000000778c0000 - 0x00000000778c7000 	C:\windows\system32\PSAPI.DLL
0x0000000073e10000 - 0x0000000073e1f000 	C:\Program Files\Java\jre1.8.0_40\bin\verify.dll
0x0000000072fa0000 - 0x0000000072fc9000 	C:\Program Files\Java\jre1.8.0_40\bin\java.dll
0x0000000073940000 - 0x0000000073956000 	C:\Program Files\Java\jre1.8.0_40\bin\zip.dll
0x000007fee9b00000 - 0x000007fee9c25000 	C:\windows\system32\dbghelp.dll

VM Arguments:
jvm_args: -Dfile.encoding=Cp1252 -Xbootclasspath:C:\adt-bundle-windows-x86_64-20140702\sdk\platforms\android-10\android.jar 
java_command: de.tlabs.thinkAir.queens.NQueens$Test
java_class_path (initial): C:\WORKSPACES\smartrank\ThinkAir-Library\lib\antlr-2.7.7.jar;C:\WORKSPACES\smartrank\ThinkAir-Library\lib\javaparser-1.0.8.jar;C:\WORKSPACES\smartrank\ThinkAir-Library\lib\stringtemplate-3.2.1.jar;C:\WORKSPACES\smartrank\ThinkAir-Client\bin\classes;C:\WORKSPACES\smartrank\ThinkAir-Library\bin\thinkair-library.jar;C:\adt-bundle-windows-x86_64-20140702\sdk\tools\support\annotations.jar
Launcher Type: SUN_STANDARD

Environment Variables:
CLASSPATH=.;C:\Program Files (x86)\Java\jre1.8.0_25\lib\ext\QTJava.zip
PATH=C:/Program Files/Java/jre1.8.0_40/bin/server;C:/Program Files/Java/jre1.8.0_40/bin;C:/Program Files/Java/jre1.8.0_40/lib/amd64;C:\ProgramData\Oracle\Java\javapath;C:\windows\system32;C:\windows;C:\windows\System32\Wbem;C:\windows\System32\WindowsPowerShell\v1.0\;C:\Program Files\Intel\WiFi\bin\;C:\Program Files\Common Files\Intel\WirelessCommon\;C:\Program Files (x86)\Intel\OpenCL SDK\2.0\bin\x86;C:\Program Files (x86)\Intel\OpenCL SDK\2.0\bin\x64;C:\Program Files (x86)\MiKTeX 2.9\miktex\bin\;C:\Program Files (x86)\QuickTime\QTSystem\;C:\Program Files (x86)\Windows Kits\8.1\Windows Performance Toolkit\;C:\Program Files\Microsoft SQL Server\110\Tools\Binn\;C:\Program Files (x86)\Microsoft SDKs\TypeScript\1.0\;C:\Program Files\Microsoft SQL Server\120\Tools\Binn\;C:\Program Files\Intel\WiFi\bin\;C:\Program Files\Common Files\Intel\WirelessCommon\;C:\Program Files (x86)\Java\jre1.8.0_25\bin;C:\eclipse;
USERNAME=Airton
OS=Windows_NT
PROCESSOR_IDENTIFIER=Intel64 Family 6 Model 58 Stepping 9, GenuineIntel



---------------  S Y S T E M  ---------------

OS: Windows 7 , 64 bit Build 7601 (6.1.7601.18409)

CPU:total 4 (2 cores per cpu, 2 threads per core) family 6 model 58 stepping 9, cmov, cx8, fxsr, mmx, sse, sse2, sse3, ssse3, sse4.1, sse4.2, popcnt, avx, clmul, erms, ht, tsc, tscinvbit, tscinv

Memory: 4k page, physical 3888676k(1276928k free), swap 7775488k(4849124k free)

vm_info: Java HotSpot(TM) 64-Bit Server VM (25.40-b25) for windows-amd64 JRE (1.8.0_40-b25), built on Feb 10 2015 21:53:57 by "java_re" with MS VC++ 10.0 (VS2010)

time: Sat Mar 07 16:01:44 2015
elapsed time: 0 seconds (0d 0h 0m 0s)

