#
# A fatal error has been detected by the Java Runtime Environment:
#
#  Internal Error (javaClasses.cpp:126), pid=7572, tid=4088
#  fatal error: Invalid layout of preloaded class
#
# JRE version:  (8.0_25-b18) (build )
# Java VM: Java HotSpot(TM) 64-Bit Server VM (25.25-b02 mixed mode windows-amd64 compressed oops)
# Failed to write core dump. Minidumps are not enabled by default on client versions of Windows
#
# If you would like to submit a bug report, please visit:
#   http://bugreport.sun.com/bugreport/crash.jsp
#

---------------  T H R E A D  ---------------

Current thread (0x0000000001f3e000):  JavaThread "Unknown thread" [_thread_in_vm, id=4088, stack(0x00000000020e0000,0x00000000021e0000)]

Stack: [0x00000000020e0000,0x00000000021e0000]
Native frames: (J=compiled Java code, j=interpreted, Vv=VM code, C=native code)
V  [jvm.dll+0x31667a]
V  [jvm.dll+0x267073]
V  [jvm.dll+0x267cb3]
V  [jvm.dll+0x25f536]
V  [jvm.dll+0x5e773]
V  [jvm.dll+0x5e863]
V  [jvm.dll+0x731ca]
V  [jvm.dll+0x73528]
V  [jvm.dll+0xe48b7]
V  [jvm.dll+0xe4c46]
V  [jvm.dll+0x1f9ae7]
V  [jvm.dll+0x22b2e4]
V  [jvm.dll+0x14d571]
C  [javaw.exe+0x20c6]
C  [javaw.exe+0xc9eb]
C  [javaw.exe+0xca7f]
C  [kernel32.dll+0x159ed]
C  [ntdll.dll+0x2c541]


---------------  P R O C E S S  ---------------

Java Threads: ( => current thread )

Other Threads:

=>0x0000000001f3e000 (exited) JavaThread "Unknown thread" [_thread_in_vm, id=4088, stack(0x00000000020e0000,0x00000000021e0000)]

VM state:not at safepoint (not fully initialized)

VM Mutex/Monitor currently owned by a thread: None

GC Heap History (0 events):
No events

Deoptimization events (0 events):
No events

Internal exceptions (0 events):
No events

Events (10 events):
Event: 0.008 loading class java/lang/CharSequence done
Event: 0.008 loading class java/lang/String done
Event: 0.008 loading class java/lang/Class
Event: 0.008 loading class java/lang/reflect/AnnotatedElement
Event: 0.008 loading class java/lang/reflect/AnnotatedElement done
Event: 0.008 loading class java/lang/reflect/GenericDeclaration
Event: 0.008 loading class java/lang/reflect/GenericDeclaration done
Event: 0.008 loading class java/lang/reflect/Type
Event: 0.008 loading class java/lang/reflect/Type done
Event: 0.008 loading class java/lang/Class done


Dynamic libraries:
0x000000013f2f0000 - 0x000000013f324000 	C:\Program Files\Java\jre1.8.0_25\bin\javaw.exe
0x0000000077880000 - 0x0000000077a29000 	C:\windows\SYSTEM32\ntdll.dll
0x0000000077760000 - 0x000000007787f000 	C:\windows\system32\kernel32.dll
0x000007fefd720000 - 0x000007fefd78b000 	C:\windows\system32\KERNELBASE.dll
0x000007fefda70000 - 0x000007fefdb4b000 	C:\windows\system32\ADVAPI32.dll
0x000007feff680000 - 0x000007feff71f000 	C:\windows\system32\msvcrt.dll
0x000007fefe3d0000 - 0x000007fefe3ef000 	C:\windows\SYSTEM32\sechost.dll
0x000007fefe460000 - 0x000007fefe58d000 	C:\windows\system32\RPCRT4.dll
0x0000000077660000 - 0x000000007775a000 	C:\windows\system32\USER32.dll
0x000007fefe3f0000 - 0x000007fefe457000 	C:\windows\system32\GDI32.dll
0x000007feffb80000 - 0x000007feffb8e000 	C:\windows\system32\LPK.dll
0x000007feff810000 - 0x000007feff8d9000 	C:\windows\system32\USP10.dll
0x000007fefc0e0000 - 0x000007fefc2d4000 	C:\windows\WinSxS\amd64_microsoft.windows.common-controls_6595b64144ccf1df_6.0.7601.17514_none_fa396087175ac9ac\COMCTL32.dll
0x000007fefddd0000 - 0x000007fefde41000 	C:\windows\system32\SHLWAPI.dll
0x000007feff8e0000 - 0x000007feff90e000 	C:\windows\system32\IMM32.DLL
0x000007fefe090000 - 0x000007fefe199000 	C:\windows\system32\MSCTF.dll
0x000000005dac0000 - 0x000000005db92000 	C:\Program Files\Java\jre1.8.0_25\bin\msvcr100.dll
0x00000000576b0000 - 0x0000000057f0a000 	C:\Program Files\Java\jre1.8.0_25\bin\server\jvm.dll
0x000007fef5f80000 - 0x000007fef5f89000 	C:\windows\system32\WSOCK32.dll
0x000007feff7c0000 - 0x000007feff80d000 	C:\windows\system32\WS2_32.dll
0x000007feff670000 - 0x000007feff678000 	C:\windows\system32\NSI.dll
0x000007fefa260000 - 0x000007fefa29b000 	C:\windows\system32\WINMM.dll
0x0000000077a40000 - 0x0000000077a47000 	C:\windows\system32\PSAPI.DLL
0x0000000060780000 - 0x000000006078f000 	C:\Program Files\Java\jre1.8.0_25\bin\verify.dll
0x000000005dd30000 - 0x000000005dd58000 	C:\Program Files\Java\jre1.8.0_25\bin\java.dll
0x000000005dd10000 - 0x000000005dd26000 	C:\Program Files\Java\jre1.8.0_25\bin\zip.dll
0x000007fef8d40000 - 0x000007fef8e65000 	C:\windows\system32\dbghelp.dll

VM Arguments:
jvm_args: -Dfile.encoding=Cp1252 -Xbootclasspath:C:\adt-bundle-windows-x86_64-20140702\sdk\platforms\android-21\android.jar 
java_command: com.example.smartrank_clientsender.Zipper
java_class_path (initial): C:\WORKSPACES\smartrank\SmartRank-ClientSender\bin\classes;C:\WORKSPACES\smartrank\appcompat_v7\libs\android-support-v4.jar;C:\WORKSPACES\smartrank\appcompat_v7\libs\android-support-v7-appcompat.jar;C:\WORKSPACES\smartrank\appcompat_v7\bin\appcompat_v7.jar
Launcher Type: SUN_STANDARD

Environment Variables:
CLASSPATH=.;C:\Program Files (x86)\Java\jre1.8.0_25\lib\ext\QTJava.zip
PATH=C:/Program Files/Java/jre1.8.0_25/bin/server;C:/Program Files/Java/jre1.8.0_25/bin;C:/Program Files/Java/jre1.8.0_25/lib/amd64;C:\ProgramData\Oracle\Java\javapath;C:\windows\system32;C:\windows;C:\windows\System32\Wbem;C:\windows\System32\WindowsPowerShell\v1.0\;C:\Program Files\Intel\WiFi\bin\;C:\Program Files\Common Files\Intel\WirelessCommon\;C:\Program Files (x86)\Intel\OpenCL SDK\2.0\bin\x86;C:\Program Files (x86)\Intel\OpenCL SDK\2.0\bin\x64;C:\Program Files (x86)\MiKTeX 2.9\miktex\bin\;C:\Program Files (x86)\QuickTime\QTSystem\;C:\Program Files (x86)\Windows Kits\8.1\Windows Performance Toolkit\;C:\Program Files\Microsoft SQL Server\110\Tools\Binn\;C:\Program Files (x86)\Microsoft SDKs\TypeScript\1.0\;C:\Program Files\Microsoft SQL Server\120\Tools\Binn\;C:\Program Files\Intel\WiFi\bin\;C:\Program Files\Common Files\Intel\WirelessCommon\;C:\Program Files (x86)\Java\jre1.8.0_25\bin;C:\eclipse;
USERNAME=Airton
OS=Windows_NT
PROCESSOR_IDENTIFIER=Intel64 Family 6 Model 58 Stepping 9, GenuineIntel



---------------  S Y S T E M  ---------------

OS: Windows 7 , 64 bit Build 7601 Service Pack 1

CPU:total 4 (2 cores per cpu, 2 threads per core) family 6 model 58 stepping 9, cmov, cx8, fxsr, mmx, sse, sse2, sse3, ssse3, sse4.1, sse4.2, popcnt, avx, clmul, erms, ht, tsc, tscinvbit, tscinv

Memory: 4k page, physical 3888676k(1087572k free), swap 7775488k(2447296k free)

vm_info: Java HotSpot(TM) 64-Bit Server VM (25.25-b02) for windows-amd64 JRE (1.8.0_25-b18), built on Oct  7 2014 14:25:37 by "java_re" with MS VC++ 10.0 (VS2010)

time: Tue Jan 27 14:47:37 2015
elapsed time: 0 seconds (0d 0h 0m 0s)

